<?xml version="1.0" encoding="UTF-8"?>
<!-- Generated by org.testng.reporters.JUnitReportReporter -->
<testsuite hostname="LAPTOP-PSOPE6TS" failures="0" tests="4" name="com.testing.api_automation.UserTest" time="4.942" errors="0" timestamp="2025-07-31T03:37:04 IST" skipped="0">
  <testcase classname="com.testing.api_automation.UserTest" name="createUser" time="3.171"/>
  <system-out/>
  <testcase classname="com.testing.api_automation.UserTest" name="loginUser" time="0.817"/>
  <system-out/>
  <testcase classname="com.testing.api_automation.UserTest" name="createNote" time="0.530"/>
  <system-out/>
  <testcase classname="com.testing.api_automation.UserTest" name="getAllNotes" time="0.424"/>
  <system-out/>
</testsuite> <!-- com.testing.api_automation.UserTest -->
