<?xml version="1.0" encoding="UTF-8"?>
<!-- Generated by org.testng.reporters.JUnitReportReporter -->
<testsuite hostname="LAPTOP-PSOPE6TS" failures="0" tests="2" name="com.testing.tests.FileUploadTests" time="11.118" errors="0" timestamp="2025-07-31T06:18:51 IST" skipped="0">
  <testcase classname="com.testing.tests.FileUploadTests" name="testInvlidFileUpload" time="4.436"/>
  <system-out/>
  <testcase classname="com.testing.tests.FileUploadTests" name="testFileUpload" time="6.682"/>
  <system-out/>
</testsuite> <!-- com.testing.tests.FileUploadTests -->
