<?xml version="1.0" encoding="UTF-8"?>
<!-- Generated by org.testng.reporters.JUnitReportReporter -->
<testsuite hostname="LAPTOP-PSOPE6TS" failures="0" tests="1" name="com.testing.tests.LoginTests" time="8.409" errors="0" timestamp="2025-07-31T00:30:35 IST" skipped="0">
  <testcase classname="com.testing.tests.LoginTests" name="testInvalidUsernameLogin" time="8.409"/>
  <system-out/>
</testsuite> <!-- com.testing.tests.LoginTests -->
